[exit code: 0]
[2025-06-10 19:23:44] Quick Action: Stop Services
[2025-06-10 19:23:44] All services stopped
[2025-06-10 19:23:49] Quick Action: Start Services
[2025-06-10 19:23:49] Running: python app.py
[2025-06-10 19:23:49] Service started with PID 21260
hello world!
[exit code: 0]
[2025-06-10 19:24:00] Quick Action: Restart System
[2025-06-10 19:24:00] All services stopped (for restart)
[2025-06-10 19:24:00] Running: python app.py
[2025-06-10 19:24:00] Service restarted with PID 11172
hello world!
[exit code: 0]
> ls
app.py
README.md
[exit code: 0]
[2025-06-10 19:25:55] Quick Action: Restart System
[2025-06-10 19:25:55] All services stopped (for restart)
[2025-06-10 19:25:55] Running: python app.py
[2025-06-10 19:25:55] Service restarted with PID 14904
hello world!
[exit code: 0]
[2025-06-10 19:26:03] Quick Action: Start Services
[2025-06-10 19:26:03] Running: python app.py
[2025-06-10 19:26:03] Service started with PID 8928
hello world!
[exit code: 0]
[2025-06-10 19:26:33] Quick Action: Stop Services
[2025-06-10 19:26:33] All services stopped
[2025-06-10 19:26:38] Quick Action: Start Services
[2025-06-10 19:26:38] Running: python app.py
[2025-06-10 19:26:38] Service started with PID 15088
hello world!
[exit code: 0]
[2025-06-10 19:26:41] Quick Action: Restart System
[2025-06-10 19:26:41] All services stopped (for restart)
[2025-06-10 19:26:41] Running: python app.py
[2025-06-10 19:26:41] Service restarted with PID 13212
hello world!
[exit code: 0]
[2025-06-10 19:26:44] Quick Action: Update System
[2025-06-10 19:26:44] All services stopped (for update)
[2025-06-10 19:26:44] Runtime directory removed
[2025-06-10 19:26:44] Cloning latest code from repository
[2025-06-10 19:26:45] Repository cloned
[2025-06-10 19:26:45] Running build: echo No build step defined
[2025-06-10 19:26:45] System update complete
No build step defined
[exit code: 0]
[2025-06-10 19:27:46] Quick Action: Update System
[2025-06-10 19:27:46] All services stopped (for update)
[2025-06-10 19:27:46] Runtime directory removed
[2025-06-10 19:27:46] Cloning latest code from repository
[2025-06-10 19:27:47] Repository cloned
[2025-06-10 19:27:47] Running build: echo No build step defined
[2025-06-10 19:27:47] System update complete
No build step defined
[exit code: 0]
[2025-06-10 19:28:59] Quick Action: Start Services
[2025-06-10 19:28:59] Running: python app.py
[2025-06-10 19:28:59] Service started with PID 4220
hello world!!!
[exit code: 0]
[2025-06-10 19:30:12] Quick Action: Update System
[2025-06-10 19:30:12] All services stopped (for update)
[2025-06-10 19:30:12] Runtime directory removed
[2025-06-10 19:30:12] Cloning latest code from repository
[2025-06-10 19:30:13] Repository cloned
[2025-06-10 19:30:13] Running build: echo [BUILD] No build step defined
[2025-06-10 19:30:13] System update complete
[BUILD] No build step defined
[exit code: 0]
[2025-06-10 19:30:22] Quick Action: Start Services
[2025-06-10 19:30:23] Running: python app.py
[2025-06-10 19:30:23] Service started with PID 13680
hello world!
[exit code: 0]
